********************************************************************************
DUPLICATOR-LITE PACKAGE-LOG: November 5, 2024 11:43 am
NOTICE: Do NOT post to public sites or forums 
********************************************************************************
VERSION:	1.5.11.1
WORDPRESS:	6.6.2
PHP INFO:	8.2.12 | SAPI: apache2handler
SERVER:		Apache/2.4.58 (Win64) OpenSSL/3.1.3 PHP/8.2.12 
PHP TIME LIMIT: (0) no time limit imposed 
PHP MAX MEMORY: 4294967296 (512M default) 
MEMORY STACK: 38MB
[CTRL DUP ARCIVE] PACKAGE AS NEW ID 1 SAVED | STATUS:0
[DUP ARCHIVE] BUILDING DATABASE

********************************************************************************
DATABASE:
********************************************************************************
BUILD MODE:   MYSQLDUMP
MYSQLTIMEOUT: 5000
MYSQLDUMP:    Is Supported
SQL CREATED: 20241105_sonusphere_fc323db6aac65b626270_20241105114258_database.sql
SQL FILE SIZE: 730.01KB (747529)
SQL FILE TIME: 2024-11-05 11:43:14
SQL RUNTIME: 2.46 sec.
[DUP ARCHIVE] VALIDATING DATABASE
[DUP ARCHIVE] DONE DATABASE

********************************************************************************
ARCHIVE Type=DUP Mode=DupArchive
********************************************************************************
ARCHIVE DIR:  D:/Sites/XAMPP/htdocs/petros
ARCHIVE FILE: 20241105_sonusphere_fc323db6aac65b626270_20241105114258_archive.daf
FILTERS: *OFF*
DIRS:
	not set
FILES:
	not set
EXTS:  not set
----------------------------------------
COMPRESSING
SIZE:	86.66MB
STATS:	Dirs 784 | Files 7,743 | Total 8,527
[DUP ARCHIVE] DONE ARCHIVE
[DUP ARCHIVE] DONE ARCHIVE
[DUP ARCHIVE] DONE ARCHIVE
[DUP ARCHIVE] DONE ARCHIVE
[DUP ARCHIVE] DONE ARCHIVE
[DUP ARCHIVE] DONE ARCHIVE
[DUP ARCHIVE] DONE ARCHIVE
[DUP ARCHIVE] DONE ARCHIVE
[DUP ARCHIVE] DONE ARCHIVE
[DUP ARCHIVE] DONE ARCHIVE
[DUP ARCHIVE] DONE ARCHIVE
[DUP ARCHIVE] DONE ARCHIVE
[DUP ARCHIVE] DONE ARCHIVE
building installer
[DUP ARCHIVE] DONE ARCHIVE
COMPRESSED SIZE: 45.54MB
ARCHIVE RUNTIME: 138.41 sec.
MEMORY STACK: 42MB
CREATE WARNINGS: No warnings.
VALIDATION WARNINGS: No warnings.
[DUP ARCHIVE] DONE ARCHIVE
[DUP ARCHIVE] HAS COMPLETED CLOSING
[DUP ARCHIVE] DUP ARCHIVE INTEGRITY CHECK

********************************************************************************
INTEGRITY CHECKS:
********************************************************************************
SQL FILE: 730.01KB
INSTALLER FILE: 94.82KB
ARCHIVE FILE: 45.54MB 
EXPECTED FILE/DIRECTORY COUNT: 9,266
ACTUAL FILE/DIRECTORY COUNT: 9,267

********************************************************************************
RECORD ID:[1]
TOTAL PROCESS RUNTIME: 138.51 sec.
PEAK PHP MEMORY USED: 42MB
DONE PROCESSING => 20241105_sonusphere 2024-11-05 11:45:30

